2020-10-12 11:14:59:1459 info: POST /v1/api/user/profile 200 6.543 ms - 259
2020-10-12 11:21:47:2147 info: POST /v1/api/user/profile 200 11.410 ms - 259
2020-10-12 11:31:14:3114 info: POST /v1/api/user/profile 401 5.926 ms - 36
2020-10-12 11:31:17:3117 info: POST /v1/api/auth/login 200 115.740 ms - 173
2020-10-12 11:31:34:3134 info: POST /v1/api/user/profile 401 1.339 ms - 36
2020-10-12 11:31:36:3136 info: POST /v1/api/user/profile 401 0.783 ms - 36
2020-10-12 11:31:49:3149 info: POST /v1/api/user/profile 200 6.207 ms - 152
2020-10-12 11:32:46:3246 info: POST /v1/api/user/profile 401 4.648 ms - 36
2020-10-12 11:32:47:3247 info: POST /v1/api/user/profile 401 1.312 ms - 36
2020-10-12 11:32:50:3250 info: POST /v1/api/auth/login 200 103.962 ms - 173
2020-10-12 11:32:53:3253 info: POST /v1/api/user/profile 200 1.088 ms - 178
2020-10-12 11:37:16:3716 info: POST /v1/api/user/profile 200 5.700 ms - 116
2020-10-12 11:37:21:3721 info: POST /v1/api/user/profile 200 0.530 ms - 116
2020-10-12 11:37:25:3725 info: POST /v1/api/user/profile 200 0.736 ms - 116
2020-10-12 11:38:00:380 info: POST /v1/api/user/profile 200 21.021 ms - 116
2020-10-12 11:38:15:3815 info: POST /v1/api/user/profile 200 9.507 ms - 116
2020-10-12 11:38:35:3835 info: POST /v1/api/user/profile 200 30.997 ms - 116
2020-10-12 11:38:46:3846 info: POST /v1/api/user/profile 401 12.046 ms - 36
2020-10-12 11:39:09:399 info: POST /v1/api/auth/login 200 106.286 ms - 173
2020-10-12 11:39:13:3913 info: POST /v1/api/user/profile 200 2.710 ms - 178
2020-10-12 11:41:10:4110 info: POST /v1/api/user/profile 200 6.829 ms - 178
2020-10-12 11:41:17:4117 info: POST /v1/api/auth/login 200 104.258 ms - 173
2020-10-12 11:41:24:4124 info: POST /v1/api/user/profile 401 1.767 ms - 36
2020-10-12 11:41:27:4127 info: POST /v1/api/auth/login 200 92.260 ms - 173
2020-10-12 11:41:29:4129 info: POST /v1/api/user/profile 200 0.579 ms - 178
2020-10-12 11:43:18:4318 info: POST /v1/api/user/profile 401 3.569 ms - 36
2020-10-12 11:43:24:4324 info: POST /v1/api/auth/login 200 108.164 ms - 173
2020-10-12 11:43:33:4333 info: POST /v1/api/user/profile - - ms - -
2020-10-12 11:44:02:442 info: POST /v1/api/user/profile 200 8.219 ms - 178
2020-10-12 11:47:36:4736 info: POST /v1/api/user/profile 200 5.944 ms - 178
2020-10-12 11:51:08:518 info: POST /v1/api/user/profile 200 5.997 ms - 178
2020-10-12 11:51:41:5141 info: POST /v1/api/user/profile 200 5.030 ms - 114
2020-10-12 11:51:51:5151 info: POST /v1/api/user/profile 200 0.769 ms - 114
2020-10-12 11:52:18:5218 info: POST /v1/api/user/profile 401 5.842 ms - 30
2020-10-12 11:52:20:5220 info: POST /v1/api/auth/login 200 119.473 ms - 173
2020-10-12 11:52:22:5222 info: POST /v1/api/user/profile 200 1.072 ms - 176
2020-10-12 11:59:55:5955 info: POST /v1/api/user/logout 401 5.459 ms - 30
2020-10-12 12:00:09:09 info: POST /v1/api/auth/login 200 110.366 ms - 173
2020-10-12 12:00:16:016 info: POST /v1/api/user/logout 404 1.418 ms - 23
2020-10-12 12:01:31:131 info: POST /v1/api/auth/login 200 109.922 ms - 173
2020-10-12 12:01:39:139 info: POST /v1/api/user/logout 404 3.398 ms - 23
2020-10-12 12:01:55:155 info: POST /v1/api/auth/logout - - ms - -
2020-10-12 12:03:44:344 info: POST /v1/api/auth/logout 200 6.222 ms - 17
2020-10-12 12:04:54:454 info: POST /v1/api/auth/logout 500 4.956 ms - 56
2020-10-12 12:05:23:523 info: POST /v1/api/auth/logout 500 6.536 ms - 56
2020-10-12 12:05:29:529 info: POST /v1/api/auth/login 200 115.869 ms - 173
2020-10-12 12:05:32:532 info: POST /v1/api/user/profile 200 1.875 ms - 178
2020-10-12 12:05:35:535 info: POST /v1/api/auth/logout 500 1.057 ms - 56
2020-10-12 12:05:43:543 info: POST /v1/api/auth/login 200 92.766 ms - 173
2020-10-12 12:05:49:549 info: POST /v1/api/auth/logout 500 1.163 ms - 56
2020-10-12 12:05:56:556 info: POST /v1/api/auth/login 200 106.589 ms - 173
2020-10-12 12:05:58:558 info: POST /v1/api/user/profile 200 0.689 ms - 178
2020-10-12 12:06:04:64 info: POST /v1/api/auth/logout 500 1.187 ms - 56
2020-10-12 12:06:07:67 info: POST /v1/api/user/profile 401 1.273 ms - 30
2020-10-12 12:06:44:644 info: POST /v1/api/user/profile 401 0.490 ms - 30
2020-10-12 12:07:09:79 info: POST /v1/api/user/profile 401 4.864 ms - 36
2020-10-12 12:09:50:950 info: POST /v1/api/auth/register 200 150.736 ms - 173
2020-10-12 12:10:00:100 info: POST /v1/api/auth/login 200 106.792 ms - 173
2020-10-12 12:10:10:1010 info: POST /v1/api/user/profile 200 0.916 ms - 178
2020-10-12 12:10:26:1026 info: POST /v1/api/auth/logout 500 2.223 ms - 56
2020-10-12 12:10:54:1054 info: POST /v1/api/auth/logout 500 0.774 ms - 56
2020-10-12 12:11:49:1149 info: POST /v1/api/auth/logout 500 9.347 ms - 56
2020-10-12 12:12:05:125 info: POST /v1/api/auth/login 200 137.316 ms - 173
2020-10-12 12:12:09:129 info: POST /v1/api/auth/logout 500 1.196 ms - 56
2020-10-12 12:12:21:1221 info: POST /v1/api/user/profile 401 0.758 ms - 36
2020-10-12 12:12:32:1232 info: POST /v1/api/auth/login 200 94.652 ms - 173
2020-10-12 12:12:44:1244 info: POST /v1/api/user/profile 200 1.496 ms - 178
2020-10-12 12:12:47:1247 info: POST /v1/api/auth/logout 500 1.102 ms - 56
2020-10-12 12:13:05:135 info: POST /v1/api/user/profile 401 4.593 ms - 36
2020-10-12 12:13:07:137 info: POST /v1/api/auth/login 200 116.780 ms - 173
2020-10-12 12:13:10:1310 info: POST /v1/api/user/profile 200 1.267 ms - 178
2020-10-12 12:13:12:1312 info: POST /v1/api/auth/logout 500 1.816 ms - 56
2020-10-12 12:13:24:1324 info: POST /v1/api/user/profile 401 0.649 ms - 36
2020-10-12 12:13:51:1351 info: POST /v1/api/auth/login 200 110.834 ms - 173
2020-10-12 12:13:53:1353 info: POST /v1/api/user/profile 200 1.873 ms - 178
2020-10-12 12:13:55:1355 info: POST /v1/api/auth/logout 500 1.872 ms - 56
2020-10-12 12:15:26:1526 info: POST /v1/api/auth/login 200 107.452 ms - 173
2020-10-12 12:15:29:1529 info: POST /v1/api/user/profile 200 1.396 ms - 178
2020-10-12 12:15:31:1531 info: POST /v1/api/auth/logout 500 3.011 ms - 56
2020-10-12 12:16:54:1654 info: POST /v1/api/auth/logout 500 10.942 ms - 56
2020-10-12 12:17:11:1711 info: POST /v1/api/auth/login 200 109.705 ms - 173
2020-10-12 12:17:13:1713 info: POST /v1/api/auth/logout 500 12.075 ms - 56
2020-10-12 12:18:03:183 info: POST /v1/api/auth/logout 500 6.149 ms - 56
2020-10-12 12:18:13:1813 info: POST /v1/api/auth/logout - - ms - -
2020-10-12 12:18:37:1837 info: POST /v1/api/auth/login 200 109.351 ms - 173
2020-10-12 12:18:45:1845 info: POST /v1/api/auth/logout - - ms - -
2020-10-12 12:18:56:1856 info: POST /v1/api/auth/logout 500 13.371 ms - 56
2020-10-12 12:19:28:1928 info: POST /v1/api/auth/login 200 108.914 ms - 173
2020-10-12 12:19:33:1933 info: POST /v1/api/auth/logout - - ms - -
2020-10-12 12:20:12:2012 info: POST /v1/api/auth/logout - - ms - -
2020-10-12 12:20:48:2048 info: POST /v1/api/auth/login 200 106.217 ms - 173
2020-10-12 12:20:52:2052 info: POST /v1/api/auth/logout 500 5.647 ms - 56
2020-10-12 12:21:09:219 info: POST /v1/api/auth/login 200 125.180 ms - 173
2020-10-12 12:21:13:2113 info: POST /v1/api/auth/logout - - ms - -
2020-10-12 12:21:32:2132 info: POST /v1/api/auth/login 200 109.376 ms - 173
2020-10-12 12:21:34:2134 info: POST /v1/api/auth/logout 500 16.954 ms - 56
2020-10-12 12:21:57:2157 info: POST /v1/api/auth/login 200 107.069 ms - 173
2020-10-12 12:22:00:220 info: POST /v1/api/auth/logout 200 1.801 ms - 17
2020-10-12 12:22:17:2217 info: POST /v1/api/auth/login 200 120.714 ms - 173
2020-10-12 12:22:18:2218 info: POST /v1/api/auth/logout 200 1.755 ms - 17
2020-10-12 12:22:36:2236 info: POST /v1/api/auth/login 200 106.943 ms - 173
2020-10-12 12:22:42:2242 info: POST /v1/api/auth/logout - - ms - -
2020-10-12 12:23:10:2310 info: POST /v1/api/auth/login 200 117.632 ms - 173
2020-10-12 12:23:13:2313 info: POST /v1/api/auth/logout 200 4.088 ms - 17
2020-10-12 12:23:21:2321 info: POST /v1/api/auth/login 200 95.180 ms - 173
2020-10-12 12:23:29:2329 info: POST /v1/api/auth/logout 200 1.601 ms - 17
2020-10-12 12:29:47:2947 info: POST /v1/api/auth/logout 200 10.127 ms - 17
2020-10-12 12:30:04:304 info: POST /v1/api/user/profile 401 6.477 ms - 36
2020-10-12 12:30:07:307 info: POST /v1/api/auth/login 200 116.348 ms - 173
2020-10-12 12:31:13:3113 info: POST /v1/api/auth/login 200 100.472 ms - 173
2020-10-12 12:31:26:3126 info: POST /v1/api/user/profile 200 1.103 ms - 176
2020-10-12 12:31:39:3139 info: POST /v1/api/user/profile 200 0.869 ms - 176
2020-10-12 12:31:50:3150 info: POST /v1/api/user/profile 200 0.931 ms - 176
2020-10-12 12:31:57:3157 info: POST /v1/api/user/profile 200 0.876 ms - 176
2020-10-12 12:32:03:323 info: POST /v1/api/user/profile 200 0.668 ms - 176
2020-10-12 12:32:09:329 info: POST /v1/api/user/profile 200 0.699 ms - 176
2020-10-12 12:41:26:4126 info: POST /v1/api/auth/login 200 5.416 ms - 4
2020-10-12 12:41:38:4138 info: POST /v1/api/auth/login 200 10.799 ms - 4
2020-10-12 12:42:40:4240 info: POST /v1/api/auth/login 200 5.262 ms - 4
2020-10-12 12:42:52:4252 info: POST /v1/api/auth/login 200 2.022 ms - 4
2020-10-12 12:44:03:443 info: POST /v1/api/auth/login 200 5.646 ms - 4
2020-10-12 12:44:27:4427 info: POST /v1/api/auth/login 200 5.805 ms - 4
2020-10-12 12:44:41:4441 info: POST /v1/api/auth/login 200 6.475 ms - 4
2020-10-12 12:44:58:4458 info: POST /v1/api/auth/login 400 7.594 ms - 29
2020-10-12 12:45:26:4526 info: POST /v1/api/auth/login 400 6.717 ms - 30
2020-10-12 12:45:42:4542 info: POST /v1/api/auth/login 400 4.006 ms - 30
2020-10-12 12:49:46:4946 info: POST /v1/api/auth/login - - ms - -
2020-10-12 12:50:13:5013 info: POST /v1/api/auth/login - - ms - -
2020-10-12 12:50:56:5056 info: POST /v1/api/auth/login - - ms - -
2020-10-12 12:54:57:5457 info: POST /v1/api/auth/login - - ms - -
2020-10-12 12:55:13:5513 info: POST /v1/api/auth/login - - ms - -
2020-10-12 12:56:25:5625 info: POST /v1/api/auth/login 404 23.311 ms - 40
2020-10-12 12:56:31:5631 info: POST /v1/api/auth/login - - ms - -
2020-10-12 12:59:22:5922 info: POST /v1/api/auth/login 200 109.478 ms - 4
2020-10-12 12:59:29:5929 info: POST /v1/api/auth/login 400 106.675 ms - 40
2020-10-12 12:59:32:5932 info: POST /v1/api/auth/login 200 111.295 ms - 4
2020-10-12 13:00:25:025 info: POST /v1/api/auth/login 200 110.607 ms - 135
2020-10-12 13:01:35:135 info: POST /v1/api/auth/login 200 109.835 ms - 173
2020-10-12 13:09:19:919 info: POST /v1/api/auth/register - - ms - -
2020-10-12 13:10:01:101 info: POST /v1/api/auth/register - - ms - -
2020-10-12 13:10:06:106 info: POST /v1/api/auth/register 500 17.737 ms - 35
2020-10-12 13:10:28:1028 info: POST /v1/api/auth/register 500 14.950 ms - 35
2020-10-12 13:10:59:1059 info: POST /v1/api/auth/register 500 25.369 ms - 30
2020-10-12 13:11:29:1129 info: POST /v1/api/auth/register 400 16.502 ms - 30
2020-10-12 13:12:50:1250 info: POST /v1/api/auth/register 400 19.581 ms - 34
2020-10-12 13:12:54:1254 info: POST /v1/api/auth/register - - ms - -
2020-10-12 13:14:26:1426 info: POST /v1/api/auth/register 500 141.794 ms - 131
2020-10-12 13:14:45:1445 info: POST /v1/api/auth/register - - ms - -
2020-10-12 13:15:07:157 info: POST /v1/api/auth/register - - ms - -
2020-10-12 13:15:34:1534 info: POST /v1/api/auth/register 500 139.818 ms - 131
2020-10-12 13:15:39:1539 info: POST /v1/api/auth/register 500 107.420 ms - 43
2020-10-12 13:16:13:1613 info: POST /v1/api/auth/register 200 139.686 ms - 160
2020-10-12 13:16:24:1624 info: POST /v1/api/user/profile 200 1.679 ms - 178
2020-10-12 13:19:13:1913 info: POST /v1/api/auth/login 400 119.451 ms - 41
2020-10-12 13:19:14:1914 info: POST /v1/api/auth/login 400 179.697 ms - 41
2020-10-12 13:19:16:1916 info: POST /v1/api/auth/login 400 140.410 ms - 41
2020-10-12 13:20:05:205 info: POST /v1/api/auth/login 400 111.582 ms - 41
2020-10-12 13:20:09:209 info: POST /v1/api/auth/login 200 108.163 ms - 160
2020-10-12 13:20:16:2016 info: POST /v1/api/user/profile 200 1.375 ms - 178
2020-10-12 13:25:13:2513 info: POST /v1/api/auth/login 200 111.901 ms - 160
2020-10-12 13:26:03:263 info: POST /v1/api/auth/login 200 120.168 ms - 160
2020-10-12 13:26:07:267 info: POST /v1/api/auth/login 400 113.768 ms - 41
2020-10-12 13:27:17:2717 info: POST /v1/api/auth/login 400 117.962 ms - 41
2020-10-12 13:28:38:2838 info: POST /v1/api/auth/login 400 124.304 ms - 41
2020-10-12 13:30:13:3013 info: POST /v1/api/auth/login 400 117.002 ms - 41
2020-10-12 13:30:41:3041 info: POST /v1/api/auth/login 400 92.638 ms - 41
2020-10-12 13:30:55:3055 info: POST /v1/api/auth/login 400 108.790 ms - 41
2020-10-12 13:31:07:317 info: POST /v1/api/auth/login 400 117.121 ms - 41
2020-10-12 13:31:15:3115 info: POST /v1/api/auth/login 400 114.308 ms - 41
2020-10-12 13:31:32:3132 info: POST /v1/api/auth/login 400 101.118 ms - 41
2020-10-12 13:32:03:323 info: POST /v1/api/auth/login 400 126.547 ms - 41
2020-10-12 13:35:45:3545 info: POST /v1/api/auth/login 400 112.579 ms - 41
2020-10-12 13:35:48:3548 info: POST /v1/api/auth/login 400 106.585 ms - 41
2020-10-12 13:36:36:3636 info: POST /v1/api/auth/login 400 110.825 ms - 41
2020-10-12 13:36:41:3641 info: POST /v1/api/auth/login 400 102.612 ms - 41
2020-10-12 13:36:50:3650 info: POST /v1/api/auth/login 400 119.775 ms - 41
2020-10-12 13:36:53:3653 info: POST /v1/api/auth/login 400 130.096 ms - 41
2020-10-12 13:36:55:3655 info: POST /v1/api/auth/login 400 92.850 ms - 41
2020-10-12 13:37:35:3735 info: POST /v1/api/auth/login 400 113.295 ms - 41
2020-10-12 13:37:50:3750 info: POST /v1/api/auth/login 400 115.183 ms - 41
2020-10-12 13:37:52:3752 info: POST /v1/api/auth/login 400 109.179 ms - 41
2020-10-12 13:37:54:3754 info: POST /v1/api/auth/login 400 92.362 ms - 41
2020-10-12 13:37:56:3756 info: POST /v1/api/auth/login 400 108.189 ms - 41
2020-10-12 13:38:03:383 info: POST /v1/api/auth/login 400 105.847 ms - 41
2020-10-12 13:38:07:387 info: POST /v1/api/auth/login 400 164.074 ms - 41
2020-10-12 13:39:04:394 info: POST /v1/api/auth/login 400 117.835 ms - 41
2020-10-12 13:39:07:397 info: POST /v1/api/auth/login 400 101.056 ms - 41
2020-10-12 13:39:09:399 info: POST /v1/api/auth/login 400 95.357 ms - 41
2020-10-12 13:39:11:3911 info: POST /v1/api/auth/login 400 158.618 ms - 41
2020-10-12 13:39:35:3935 info: POST /v1/api/auth/login 400 92.873 ms - 41
2020-10-12 13:39:39:3939 info: POST /v1/api/auth/login 400 132.850 ms - 41
2020-10-12 13:39:42:3942 info: POST /v1/api/auth/login 400 97.969 ms - 41
2020-10-12 13:39:46:3946 info: POST /v1/api/auth/login 400 88.716 ms - 41
2020-10-12 13:40:32:4032 info: POST /v1/api/auth/login 400 110.824 ms - 41
2020-10-12 13:40:35:4035 info: POST /v1/api/auth/login 400 100.069 ms - 41
2020-10-12 13:40:37:4037 info: POST /v1/api/auth/login 400 90.475 ms - 41
2020-10-12 13:40:40:4040 info: POST /v1/api/auth/login 400 110.774 ms - 41
2020-10-12 13:40:59:4059 info: POST /v1/api/auth/login 400 109.404 ms - 41
2020-10-12 13:41:00:410 info: POST /v1/api/auth/login 400 107.819 ms - 41
2020-10-12 13:41:01:411 info: POST /v1/api/auth/login 400 90.275 ms - 41
2020-10-12 13:41:05:415 info: POST /v1/api/auth/login 400 92.493 ms - 41
2020-10-12 13:41:34:4134 info: POST /v1/api/auth/login 400 109.801 ms - 41
2020-10-12 13:41:43:4143 info: POST /v1/api/auth/login 400 105.451 ms - 41
2020-10-12 13:41:45:4145 info: POST /v1/api/auth/login 400 90.707 ms - 41
2020-10-12 13:42:25:4225 info: POST /v1/api/auth/login 400 114.599 ms - 41
2020-10-12 13:42:34:4234 info: POST /v1/api/auth/login 400 99.010 ms - 41
2020-10-12 13:42:39:4239 info: POST /v1/api/auth/login 400 106.897 ms - 41
2020-10-12 13:43:22:4322 info: POST /v1/api/auth/login 400 116.125 ms - 41
2020-10-12 13:43:26:4326 info: POST /v1/api/auth/login 400 102.212 ms - 41
2020-10-12 13:43:41:4341 info: POST /v1/api/auth/login 400 119.742 ms - 41
2020-10-12 13:43:44:4344 info: POST /v1/api/auth/login 400 105.126 ms - 41
2020-10-12 13:43:46:4346 info: POST /v1/api/auth/login 400 97.516 ms - 41
2020-10-12 13:45:48:4548 info: POST /v1/api/auth/login 400 120.759 ms - 41
2020-10-12 13:46:18:4618 info: POST /v1/api/auth/login 400 109.396 ms - 41
2020-10-12 13:48:56:4856 info: POST /v1/api/auth/login 400 107.483 ms - 41
2020-10-12 13:49:13:4913 info: POST /v1/api/auth/login 400 91.594 ms - 41
2020-10-12 13:49:15:4915 info: POST /v1/api/auth/login 400 108.441 ms - 41
2020-10-12 13:49:27:4927 info: POST /v1/api/auth/login 400 115.775 ms - 41
2020-10-12 13:49:29:4929 info: POST /v1/api/auth/login 400 112.903 ms - 41
2020-10-12 13:49:31:4931 info: POST /v1/api/auth/login 400 95.548 ms - 41
2020-10-12 13:54:59:5459 info: POST /v1/api/auth/login - - ms - -
2020-10-12 13:55:41:5541 info: POST /v1/api/auth/login - - ms - -
2020-10-12 13:58:56:5856 info: POST /v1/api/auth/login 400 114.010 ms - 41
2020-10-12 14:03:23:323 info: POST /v1/api/auth/login 200 118.211 ms - 160
2020-10-12 14:04:03:43 info: POST /v1/api/auth/login 400 109.922 ms - 63
2020-10-12 14:05:07:57 info: POST /v1/api/auth/login 400 116.132 ms - 41
2020-10-12 14:05:20:520 info: POST /v1/api/auth/login 400 102.849 ms - 63
2020-10-12 14:05:24:524 info: POST /v1/api/auth/login 400 137.981 ms - 63
2020-10-12 14:09:41:941 info: POST /v1/api/auth/login 500 114.548 ms - 33
2020-10-12 14:10:09:109 info: POST /v1/api/auth/login 400 116.880 ms - 41
2020-10-12 14:10:13:1013 info: POST /v1/api/auth/login 400 103.568 ms - 41
2020-10-12 14:10:39:1039 info: POST /v1/api/auth/login 400 95.512 ms - 41
2020-10-12 14:10:47:1047 info: POST /v1/api/auth/login 400 102.772 ms - 68
2020-10-12 14:10:56:1056 info: POST /v1/api/auth/login 400 101.082 ms - 68
2020-10-14 08:45:54:4554 info: POST /v1/api/account/delete 401 6.867 ms - 36
2020-10-14 08:46:44:4644 info: POST /v1/api/account/delete 401 5.370 ms - 36
2020-10-14 08:46:55:4655 info: POST /v1/api/auth/login 400 159.843 ms - 41
2020-10-14 08:47:00:470 info: POST /v1/api/auth/login 200 104.585 ms - 160
2020-10-14 08:47:03:473 info: POST /v1/api/account/delete 404 1.307 ms - 23
2020-10-14 08:47:18:4718 info: POST /v1/api/account/delete - - ms - -
2020-10-14 08:47:28:4728 info: POST /v1/api/account/delete 200 7.066 ms - 4
2020-10-14 08:52:12:5212 info: POST /v1/api/account/delete 200 5.672 ms - 5
2020-10-14 08:59:07:597 info: POST /v1/api/account/delete 500 6.429 ms - 5
2020-10-14 08:59:32:5932 info: POST /v1/api/account/delete 500 7.209 ms - 5
2020-10-14 08:59:40:5940 info: POST /v1/api/account/delete 500 12.108 ms - 30
2020-10-14 09:00:09:09 info: POST /v1/api/account/delete - - ms - -
2020-10-14 09:11:35:1135 info: POST /v1/api/account/delete 200 41.563 ms - 17
2020-10-14 09:11:47:1147 info: POST /v1/api/account/delete 200 145.861 ms - 17
2020-10-14 09:16:40:1640 info: POST /v1/api/account/delete 200 147.281 ms - 17
2020-10-14 09:17:11:1711 info: POST /v1/api/account/delete 500 6.365 ms - 53
2020-10-14 09:17:29:1729 info: POST /v1/api/auth/login 404 3.706 ms - 41
2020-10-14 09:17:46:1746 info: POST /v1/api/auth/register 200 138.463 ms - 160
2020-10-14 09:17:56:1756 info: POST /v1/api/account/delete 200 103.243 ms - 17
2020-10-14 09:20:01:201 info: POST /v1/api/auth/register 200 161.965 ms - 160
2020-10-14 09:21:29:2129 info: POST /v1/api/account/edit 200 9.982 ms - 4
2020-10-14 09:22:25:2225 info: POST /v1/api/account/edit 200 12.049 ms - 4
2020-10-14 09:30:08:308 info: POST /v1/api/account/edit - - ms - -
2020-10-14 09:30:38:3038 info: POST /v1/api/account/edit 500 4.756 ms - 30
2020-10-14 09:31:11:3111 info: POST /v1/api/account/edit 500 9.434 ms - 30
2020-10-14 09:31:27:3127 info: POST /v1/api/account/edit - - ms - -
2020-10-14 09:31:56:3156 info: POST /v1/api/account/edit 200 6.338 ms - 5
2020-10-14 09:33:01:331 info: POST /v1/api/account/edit 200 5.261 ms - 5
2020-10-14 09:35:44:3544 info: POST /v1/api/account/edit 500 10.417 ms - 37
2020-10-14 09:35:55:3555 info: POST /v1/api/account/edit 200 6.665 ms - 5
2020-10-14 09:38:00:380 info: POST /v1/api/account/edit 500 13.261 ms - 45
2020-10-14 09:41:15:4115 info: POST /v1/api/account/edit 500 12.237 ms - 48
2020-10-14 09:41:21:4121 info: POST /v1/api/account/edit 200 18.972 ms - 5
2020-10-14 09:42:09:429 info: POST /v1/api/account/edit 200 28.762 ms - 5
2020-10-14 09:43:13:4313 info: POST /v1/api/account/edit 200 23.903 ms - 5
2020-10-14 09:43:53:4353 info: POST /v1/api/auth/register 200 125.683 ms - 157
2020-10-14 09:44:01:441 info: POST /v1/api/account/edit 200 1.867 ms - 5
2020-10-14 09:44:26:4426 info: POST /v1/api/account/edit 200 2.133 ms - 5
2020-10-14 09:45:01:451 info: POST /v1/api/account/edit 200 20.097 ms - 5
2020-10-14 09:45:29:4529 info: POST /v1/api/account/edit 200 20.123 ms - 5
2020-10-14 09:45:58:4558 info: POST /v1/api/account/edit 200 15.547 ms - 5
2020-10-14 09:46:27:4627 info: POST /v1/api/account/edit 200 16.652 ms - 5
2020-10-14 09:46:41:4641 info: POST /v1/api/account/edit 200 16.959 ms - 5
2020-10-14 09:47:01:471 info: POST /v1/api/account/edit 200 15.717 ms - 5
2020-10-14 09:47:26:4726 info: POST /v1/api/account/edit 200 17.064 ms - 5
2020-10-14 09:47:47:4747 info: POST /v1/api/account/edit 200 14.104 ms - 5
2020-10-14 09:48:40:4840 info: POST /v1/api/account/edit 200 15.501 ms - 6
2020-10-14 09:49:16:4916 info: POST /v1/api/account/edit 200 14.339 ms - 6
2020-10-14 09:49:56:4956 info: POST /v1/api/account/edit 200 14.813 ms - 6
2020-10-14 09:50:24:5024 info: POST /v1/api/account/edit 200 14.324 ms - 6
2020-10-14 09:50:44:5044 info: POST /v1/api/account/edit 200 22.112 ms - 6
2020-10-14 09:51:10:5110 info: POST /v1/api/account/edit 200 19.227 ms - 6
2020-10-14 09:51:37:5137 info: POST /v1/api/account/edit 200 14.714 ms - 6
2020-10-14 09:52:21:5221 info: POST /v1/api/account/edit 200 15.577 ms - 6
2020-10-14 09:52:55:5255 info: POST /v1/api/account/edit 200 14.229 ms - 6
2020-10-14 09:53:04:534 info: POST /v1/api/account/edit 200 19.348 ms - 6
2020-10-14 09:53:17:5317 info: POST /v1/api/account/edit 500 32.111 ms - 124
2020-10-14 09:53:44:5344 info: POST /v1/api/account/edit 200 20.727 ms - 6
2020-10-14 09:56:24:5624 info: POST /v1/api/account/edit 500 28.195 ms - 48
2020-10-14 09:56:54:5654 info: POST /v1/api/account/edit 200 15.749 ms - 137
2020-10-14 09:57:14:5714 info: POST /v1/api/account/edit 500 20.870 ms - 48
2020-10-14 10:11:52:1152 info: POST /v1/api/account/edit 500 6.821 ms - 30
2020-10-14 10:12:00:120 info: POST /v1/api/account/edit 500 1.932 ms - 30
2020-10-14 10:12:19:1219 info: POST /v1/api/account/edit 500 1.223 ms - 30
2020-10-14 10:13:21:1321 info: POST /v1/api/account/edit 500 1.351 ms - 30
2020-10-14 10:13:46:1346 info: POST /v1/api/account/edit 200 205.549 ms - 277
2020-10-14 10:14:39:1439 info: POST /v1/api/account/edit 500 115.255 ms - 31
2020-10-14 10:14:44:1444 info: POST /v1/api/account/edit 200 210.288 ms - 137
2020-10-14 10:14:55:1455 info: POST /v1/api/account/edit 200 181.243 ms - 137
2020-10-14 10:15:07:157 info: POST /v1/api/account/edit 500 1.973 ms - 38
2020-10-14 10:15:59:1559 info: POST /v1/api/account/edit 500 7.119 ms - 38
2020-10-14 10:16:01:161 info: POST /v1/api/account/edit 500 1.642 ms - 53
2020-10-14 10:16:09:169 info: POST /v1/api/account/edit 200 203.883 ms - 137
2020-10-14 10:16:12:1612 info: POST /v1/api/account/edit 500 108.005 ms - 31
